<?xml version="1.0" encoding="UTF-8"?>
<!-- Generated by org.testng.reporters.JUnitXMLReporter -->
<testsuite ignored="0" hostname="DESKTOP-2S175RD" failures="0" tests="4" name="Default test" time="117.334" errors="0" timestamp="2025-09-08T13:31:52 IST">
  <testcase classname="com.wipro.CapStoneTestNG.HealthProgramsTest" name="testAHECScholars" time="21.284"/>
  <testcase classname="com.wipro.CapStoneTestNG.HealthProgramsTest" name="testFlorida" time="22.461"/>
  <testcase classname="com.wipro.CapStoneTestNG.HealthProgramsTest" name="testHealthyAging" time="5.942"/>
  <testcase classname="com.wipro.CapStoneTestNG.HealthProgramsTest" name="testQuitTobacco" time="7.292"/>
</testsuite> <!-- Default test -->
