<?xml version="1.0" encoding="UTF-8"?>
<!-- Generated by org.testng.reporters.JUnitXMLReporter -->
<testsuite ignored="0" hostname="DESKTOP-2S175RD" failures="0" tests="18" name="Test" time="142.3" errors="0" timestamp="2025-09-08T19:36:57 IST">
  <testcase classname="com.wipro.CapStoneTestNG.ContactUsTest" name="verifyContactHeader" time="4.24"/>
  <testcase classname="com.wipro.CapStoneTestNG.ContactUsTest" name="verifyAddressIcon" time="0.194"/>
  <testcase classname="com.wipro.CapStoneTestNG.ContactUsTest" name="verifyCallIcon" time="0.117"/>
  <testcase classname="com.wipro.CapStoneTestNG.ContactUsTest" name="verifyFaxIcon" time="0.06"/>
  <testcase classname="com.wipro.CapStoneTestNG.ContactUsTest" name="verifyEmailIcon" time="0.082"/>
  <testcase classname="com.wipro.CapStoneTestNG.ContactUsTest" name="verifyGoogleMapFrame" time="0.042"/>
  <testcase classname="com.wipro.CapStoneTestNG.HealthProgramsTest" name="testAHECScholars" time="7.793"/>
  <testcase classname="com.wipro.CapStoneTestNG.HealthProgramsTest" name="testFlorida" time="28.401"/>
  <testcase classname="com.wipro.CapStoneTestNG.HealthProgramsTest" name="testHealthyAging" time="3.081"/>
  <testcase classname="com.wipro.CapStoneTestNG.HealthProgramsTest" name="testQuitTobacco" time="1.684"/>
  <testcase classname="com.wipro.CapStoneTestNG.HomePageTest" name="openHomePage" time="2.276"/>
  <testcase classname="com.wipro.CapStoneTestNG.HomePageTest" name="clickOnLogo" time="1.421"/>
  <testcase classname="com.wipro.CapStoneTestNG.HomePageTest" name="searchKeyword" time="2.165"/>
  <testcase classname="com.wipro.CapStoneTestNG.HomePageTest" name="clickHealthyAgingPrograms" time="2.832"/>
  <testcase classname="com.wipro.CapStoneTestNG.HomePageTest" name="clickAHECScholars" time="0.503"/>
  <testcase classname="com.wipro.CapStoneTestNG.HomePageTest" name="clickFacebookIcon" time="3.202"/>
  <testcase classname="com.wipro.CapStoneTestNG.RegistrationTest" name="testSuccessfulRegistration" time="43.611"/>
  <testcase classname="com.wipro.CapStoneTestNG.InvalidRegi" name="testInvalidRegistration" time="8.27"/>
</testsuite> <!-- Test -->
