<?xml version="1.0" encoding="UTF-8"?>
<testng-results ignored="0" total="18" passed="18" failed="0" skipped="0">
  <reporter-output>
  </reporter-output>
  <suite started-at="2025-09-08T19:34:34 IST" name="Suite" finished-at="2025-09-08T19:36:57 IST" duration-ms="142300">
    <groups>
    </groups>
    <test started-at="2025-09-08T19:34:34 IST" name="Test" finished-at="2025-09-08T19:36:57 IST" duration-ms="142300">
      <class name="com.wipro.CapStoneTestNG.RegistrationTest">
        <test-method is-config="true" signature="setUp()[pri:0, instance:com.wipro.CapStoneTestNG.RegistrationTest@15bb5034]" started-at="2025-09-08T19:36:02 IST" name="setUp" finished-at="2025-09-08T19:36:03 IST" duration-ms="1341" status="PASS">
          <reporter-output>
          </reporter-output>
        </test-method> <!-- setUp -->
        <test-method signature="testSuccessfulRegistration()[pri:1, instance:com.wipro.CapStoneTestNG.RegistrationTest@15bb5034]" started-at="2025-09-08T19:36:03 IST" name="testSuccessfulRegistration" finished-at="2025-09-08T19:36:47 IST" duration-ms="43611" status="PASS">
          <reporter-output>
          </reporter-output>
        </test-method> <!-- testSuccessfulRegistration -->
        <test-method is-config="true" signature="tearDown()[pri:0, instance:com.wipro.CapStoneTestNG.RegistrationTest@15bb5034]" started-at="2025-09-08T19:36:47 IST" name="tearDown" finished-at="2025-09-08T19:36:47 IST" duration-ms="458" status="PASS">
          <reporter-output>
          </reporter-output>
        </test-method> <!-- tearDown -->
      </class> <!-- com.wipro.CapStoneTestNG.RegistrationTest -->
      <class name="com.wipro.CapStoneTestNG.HealthProgramsTest">
        <test-method is-config="true" signature="setUp()[pri:0, instance:com.wipro.CapStoneTestNG.HealthProgramsTest@6e9175d8]" started-at="2025-09-08T19:34:44 IST" name="setUp" finished-at="2025-09-08T19:34:46 IST" duration-ms="2043" status="PASS">
          <reporter-output>
          </reporter-output>
        </test-method> <!-- setUp -->
        <test-method signature="testAHECScholars()[pri:0, instance:com.wipro.CapStoneTestNG.HealthProgramsTest@6e9175d8]" started-at="2025-09-08T19:34:46 IST" name="testAHECScholars" description="Verify AHEC Scholars Program" finished-at="2025-09-08T19:34:53 IST" duration-ms="7793" status="PASS">
          <reporter-output>
          </reporter-output>
        </test-method> <!-- testAHECScholars -->
        <test-method is-config="true" signature="tearDown()[pri:0, instance:com.wipro.CapStoneTestNG.HealthProgramsTest@6e9175d8]" started-at="2025-09-08T19:34:53 IST" name="tearDown" finished-at="2025-09-08T19:34:54 IST" duration-ms="491" status="PASS">
          <reporter-output>
          </reporter-output>
        </test-method> <!-- tearDown -->
        <test-method is-config="true" signature="setUp()[pri:0, instance:com.wipro.CapStoneTestNG.HealthProgramsTest@6e9175d8]" started-at="2025-09-08T19:34:54 IST" name="setUp" finished-at="2025-09-08T19:34:59 IST" duration-ms="4929" status="PASS">
          <reporter-output>
          </reporter-output>
        </test-method> <!-- setUp -->
        <test-method signature="testFlorida()[pri:0, instance:com.wipro.CapStoneTestNG.HealthProgramsTest@6e9175d8]" started-at="2025-09-08T19:34:59 IST" name="testFlorida" description="Verify Covering Florida Program" finished-at="2025-09-08T19:35:27 IST" duration-ms="28401" status="PASS">
          <reporter-output>
          </reporter-output>
        </test-method> <!-- testFlorida -->
        <test-method is-config="true" signature="tearDown()[pri:0, instance:com.wipro.CapStoneTestNG.HealthProgramsTest@6e9175d8]" started-at="2025-09-08T19:35:27 IST" name="tearDown" finished-at="2025-09-08T19:35:28 IST" duration-ms="443" status="PASS">
          <reporter-output>
          </reporter-output>
        </test-method> <!-- tearDown -->
        <test-method is-config="true" signature="setUp()[pri:0, instance:com.wipro.CapStoneTestNG.HealthProgramsTest@6e9175d8]" started-at="2025-09-08T19:35:28 IST" name="setUp" finished-at="2025-09-08T19:35:36 IST" duration-ms="8083" status="PASS">
          <reporter-output>
          </reporter-output>
        </test-method> <!-- setUp -->
        <test-method signature="testHealthyAging()[pri:0, instance:com.wipro.CapStoneTestNG.HealthProgramsTest@6e9175d8]" started-at="2025-09-08T19:35:36 IST" name="testHealthyAging" description="Verify Healthy Aging Program" finished-at="2025-09-08T19:35:39 IST" duration-ms="3081" status="PASS">
          <reporter-output>
          </reporter-output>
        </test-method> <!-- testHealthyAging -->
        <test-method is-config="true" signature="tearDown()[pri:0, instance:com.wipro.CapStoneTestNG.HealthProgramsTest@6e9175d8]" started-at="2025-09-08T19:35:39 IST" name="tearDown" finished-at="2025-09-08T19:35:39 IST" duration-ms="396" status="PASS">
          <reporter-output>
          </reporter-output>
        </test-method> <!-- tearDown -->
        <test-method is-config="true" signature="setUp()[pri:0, instance:com.wipro.CapStoneTestNG.HealthProgramsTest@6e9175d8]" started-at="2025-09-08T19:35:39 IST" name="setUp" finished-at="2025-09-08T19:35:45 IST" duration-ms="5771" status="PASS">
          <reporter-output>
          </reporter-output>
        </test-method> <!-- setUp -->
        <test-method signature="testQuitTobacco()[pri:0, instance:com.wipro.CapStoneTestNG.HealthProgramsTest@6e9175d8]" started-at="2025-09-08T19:35:45 IST" name="testQuitTobacco" description="Verify Quit Tobacco Program" finished-at="2025-09-08T19:35:47 IST" duration-ms="1684" status="PASS">
          <reporter-output>
          </reporter-output>
        </test-method> <!-- testQuitTobacco -->
        <test-method is-config="true" signature="tearDown()[pri:0, instance:com.wipro.CapStoneTestNG.HealthProgramsTest@6e9175d8]" started-at="2025-09-08T19:35:47 IST" name="tearDown" finished-at="2025-09-08T19:35:47 IST" duration-ms="464" status="PASS">
          <reporter-output>
          </reporter-output>
        </test-method> <!-- tearDown -->
      </class> <!-- com.wipro.CapStoneTestNG.HealthProgramsTest -->
      <class name="com.wipro.CapStoneTestNG.ContactUsTest">
        <test-method is-config="true" signature="setUp()[pri:0, instance:com.wipro.CapStoneTestNG.ContactUsTest@2e8c1c9b]" started-at="2025-09-08T19:34:35 IST" name="setUp" finished-at="2025-09-08T19:34:38 IST" duration-ms="3695" status="PASS">
          <reporter-output>
          </reporter-output>
        </test-method> <!-- setUp -->
        <test-method signature="verifyContactHeader()[pri:1, instance:com.wipro.CapStoneTestNG.ContactUsTest@2e8c1c9b]" started-at="2025-09-08T19:34:38 IST" name="verifyContactHeader" finished-at="2025-09-08T19:34:42 IST" duration-ms="4240" status="PASS">
          <reporter-output>
          </reporter-output>
        </test-method> <!-- verifyContactHeader -->
        <test-method signature="verifyAddressIcon()[pri:2, instance:com.wipro.CapStoneTestNG.ContactUsTest@2e8c1c9b]" started-at="2025-09-08T19:34:42 IST" name="verifyAddressIcon" finished-at="2025-09-08T19:34:43 IST" duration-ms="194" status="PASS">
          <reporter-output>
          </reporter-output>
        </test-method> <!-- verifyAddressIcon -->
        <test-method signature="verifyCallIcon()[pri:3, instance:com.wipro.CapStoneTestNG.ContactUsTest@2e8c1c9b]" started-at="2025-09-08T19:34:43 IST" name="verifyCallIcon" finished-at="2025-09-08T19:34:43 IST" duration-ms="117" status="PASS">
          <reporter-output>
          </reporter-output>
        </test-method> <!-- verifyCallIcon -->
        <test-method signature="verifyFaxIcon()[pri:4, instance:com.wipro.CapStoneTestNG.ContactUsTest@2e8c1c9b]" started-at="2025-09-08T19:34:43 IST" name="verifyFaxIcon" finished-at="2025-09-08T19:34:43 IST" duration-ms="60" status="PASS">
          <reporter-output>
          </reporter-output>
        </test-method> <!-- verifyFaxIcon -->
        <test-method signature="verifyEmailIcon()[pri:5, instance:com.wipro.CapStoneTestNG.ContactUsTest@2e8c1c9b]" started-at="2025-09-08T19:34:43 IST" name="verifyEmailIcon" finished-at="2025-09-08T19:34:43 IST" duration-ms="82" status="PASS">
          <reporter-output>
          </reporter-output>
        </test-method> <!-- verifyEmailIcon -->
        <test-method signature="verifyGoogleMapFrame()[pri:6, instance:com.wipro.CapStoneTestNG.ContactUsTest@2e8c1c9b]" started-at="2025-09-08T19:34:43 IST" name="verifyGoogleMapFrame" finished-at="2025-09-08T19:34:43 IST" duration-ms="42" status="PASS">
          <reporter-output>
          </reporter-output>
        </test-method> <!-- verifyGoogleMapFrame -->
        <test-method is-config="true" signature="tearDown()[pri:0, instance:com.wipro.CapStoneTestNG.ContactUsTest@2e8c1c9b]" started-at="2025-09-08T19:34:43 IST" name="tearDown" finished-at="2025-09-08T19:34:44 IST" duration-ms="596" status="PASS">
          <reporter-output>
          </reporter-output>
        </test-method> <!-- tearDown -->
      </class> <!-- com.wipro.CapStoneTestNG.ContactUsTest -->
      <class name="com.wipro.CapStoneTestNG.InvalidRegi">
        <test-method is-config="true" signature="setUp()[pri:0, instance:com.wipro.CapStoneTestNG.InvalidRegi@4b741d6d]" started-at="2025-09-08T19:36:47 IST" name="setUp" finished-at="2025-09-08T19:36:48 IST" duration-ms="1193" status="PASS">
          <reporter-output>
          </reporter-output>
        </test-method> <!-- setUp -->
        <test-method signature="testInvalidRegistration()[pri:1, instance:com.wipro.CapStoneTestNG.InvalidRegi@4b741d6d]" started-at="2025-09-08T19:36:48 IST" name="testInvalidRegistration" finished-at="2025-09-08T19:36:57 IST" duration-ms="8270" status="PASS">
          <reporter-output>
          </reporter-output>
        </test-method> <!-- testInvalidRegistration -->
        <test-method is-config="true" signature="tearDown()[pri:0, instance:com.wipro.CapStoneTestNG.InvalidRegi@4b741d6d]" started-at="2025-09-08T19:36:57 IST" name="tearDown" finished-at="2025-09-08T19:36:57 IST" duration-ms="0" status="PASS">
          <reporter-output>
          </reporter-output>
        </test-method> <!-- tearDown -->
      </class> <!-- com.wipro.CapStoneTestNG.InvalidRegi -->
      <class name="com.wipro.CapStoneTestNG.HomePageTest">
        <test-method is-config="true" signature="setUp()[pri:0, instance:com.wipro.CapStoneTestNG.HomePageTest@7d0b7e3c]" started-at="2025-09-08T19:35:47 IST" name="setUp" finished-at="2025-09-08T19:35:49 IST" duration-ms="1740" status="PASS">
          <reporter-output>
          </reporter-output>
        </test-method> <!-- setUp -->
        <test-method signature="openHomePage()[pri:1, instance:com.wipro.CapStoneTestNG.HomePageTest@7d0b7e3c]" started-at="2025-09-08T19:35:49 IST" name="openHomePage" finished-at="2025-09-08T19:35:51 IST" duration-ms="2276" status="PASS">
          <reporter-output>
          </reporter-output>
        </test-method> <!-- openHomePage -->
        <test-method signature="clickOnLogo()[pri:2, instance:com.wipro.CapStoneTestNG.HomePageTest@7d0b7e3c]" started-at="2025-09-08T19:35:51 IST" name="clickOnLogo" finished-at="2025-09-08T19:35:53 IST" duration-ms="1421" status="PASS">
          <reporter-output>
          </reporter-output>
        </test-method> <!-- clickOnLogo -->
        <test-method signature="searchKeyword()[pri:3, instance:com.wipro.CapStoneTestNG.HomePageTest@7d0b7e3c]" started-at="2025-09-08T19:35:53 IST" name="searchKeyword" finished-at="2025-09-08T19:35:55 IST" duration-ms="2165" status="PASS">
          <reporter-output>
          </reporter-output>
        </test-method> <!-- searchKeyword -->
        <test-method signature="clickHealthyAgingPrograms()[pri:4, instance:com.wipro.CapStoneTestNG.HomePageTest@7d0b7e3c]" started-at="2025-09-08T19:35:55 IST" name="clickHealthyAgingPrograms" finished-at="2025-09-08T19:35:58 IST" duration-ms="2832" status="PASS">
          <reporter-output>
          </reporter-output>
        </test-method> <!-- clickHealthyAgingPrograms -->
        <test-method signature="clickAHECScholars()[pri:5, instance:com.wipro.CapStoneTestNG.HomePageTest@7d0b7e3c]" started-at="2025-09-08T19:35:58 IST" name="clickAHECScholars" finished-at="2025-09-08T19:35:58 IST" duration-ms="503" status="PASS">
          <reporter-output>
          </reporter-output>
        </test-method> <!-- clickAHECScholars -->
        <test-method signature="clickFacebookIcon()[pri:6, instance:com.wipro.CapStoneTestNG.HomePageTest@7d0b7e3c]" started-at="2025-09-08T19:35:58 IST" name="clickFacebookIcon" finished-at="2025-09-08T19:36:01 IST" duration-ms="3202" status="PASS">
          <reporter-output>
          </reporter-output>
        </test-method> <!-- clickFacebookIcon -->
        <test-method is-config="true" signature="tearDown()[pri:0, instance:com.wipro.CapStoneTestNG.HomePageTest@7d0b7e3c]" started-at="2025-09-08T19:36:01 IST" name="tearDown" finished-at="2025-09-08T19:36:02 IST" duration-ms="493" status="PASS">
          <reporter-output>
          </reporter-output>
        </test-method> <!-- tearDown -->
      </class> <!-- com.wipro.CapStoneTestNG.HomePageTest -->
    </test> <!-- Test -->
  </suite> <!-- Suite -->
</testng-results>
