<?xml version="1.0" encoding="UTF-8"?>
<testsuite xmlns:xsi="http://www.w3.org/2001/XMLSchema-instance" xsi:noNamespaceSchemaLocation="https://maven.apache.org/surefire/maven-surefire-plugin/xsd/surefire-test-report.xsd" version="3.0.1" name="TestSuite" time="143.227" tests="18" errors="0" skipped="0" failures="0">
  <properties>
[...]
</properties>
  <testcase name="verifyContactHeader" classname="com.wipro.CapStoneTestNG.ContactUsTest" time="4.266">
    <system-out><![CDATA[Opened Contact Us page 
Header text found: CONTACT US WITH EASE
]]></system-out>
    <system-err><![CDATA[SLF4J: Failed to load class "org.slf4j.impl.StaticLoggerBinder".
SLF4J: Defaulting to no-operation (NOP) logger implementation
SLF4J: See http://www.slf4j.org/codes.html#StaticLoggerBinder for further details.
Sep 08, 2025 7:34:37 PM org.openqa.selenium.devtools.CdpVersionFinder findNearestMatch
WARNING: Unable to find CDP implementation matching 139
Sep 08, 2025 7:34:37 PM org.openqa.selenium.chromium.ChromiumDriver lambda$new$5
WARNING: Unable to find version of CDP to use for 139.0.7258.155. You may need to include a dependency on a specific version of the CDP using something similar to `org.seleniumhq.selenium:selenium-devtools-v86:4.24.0` where the version ("v86") matches the version of the chromium-based browser you're using and the version number of the artifact is the same as Selenium's.
]]></system-err>
  </testcase>
  <testcase name="verifyAddressIcon" classname="com.wipro.CapStoneTestNG.ContactUsTest" time="0.161"/>
  <testcase name="verifyCallIcon" classname="com.wipro.CapStoneTestNG.ContactUsTest" time="0.117"/>
  <testcase name="verifyFaxIcon" classname="com.wipro.CapStoneTestNG.ContactUsTest" time="0.065"/>
  <testcase name="verifyEmailIcon" classname="com.wipro.CapStoneTestNG.ContactUsTest" time="0.08"/>
  <testcase name="verifyGoogleMapFrame" classname="com.wipro.CapStoneTestNG.ContactUsTest" time="0.04">
    <system-out><![CDATA[Google Maps iframe is visible 
]]></system-out>
  </testcase>
  <testcase name="testAHECScholars" classname="com.wipro.CapStoneTestNG.HealthProgramsTest" time="7.794">
    <system-out><![CDATA[All Contact Us validations successfully done and browser closed 
]]></system-out>
    <system-err><![CDATA[Sep 08, 2025 7:34:45 PM org.openqa.selenium.devtools.CdpVersionFinder findNearestMatch
WARNING: Unable to find CDP implementation matching 139
Sep 08, 2025 7:34:45 PM org.openqa.selenium.chromium.ChromiumDriver lambda$new$5
WARNING: Unable to find version of CDP to use for 139.0.7258.155. You may need to include a dependency on a specific version of the CDP using something similar to `org.seleniumhq.selenium:selenium-devtools-v86:4.24.0` where the version ("v86") matches the version of the chromium-based browser you're using and the version number of the artifact is the same as Selenium's.
]]></system-err>
  </testcase>
  <testcase name="testFlorida" classname="com.wipro.CapStoneTestNG.HealthProgramsTest" time="28.399">
    <system-err><![CDATA[Sep 08, 2025 7:34:55 PM org.openqa.selenium.devtools.CdpVersionFinder findNearestMatch
WARNING: Unable to find CDP implementation matching 139
Sep 08, 2025 7:34:55 PM org.openqa.selenium.chromium.ChromiumDriver lambda$new$5
WARNING: Unable to find version of CDP to use for 139.0.7258.155. You may need to include a dependency on a specific version of the CDP using something similar to `org.seleniumhq.selenium:selenium-devtools-v86:4.24.0` where the version ("v86") matches the version of the chromium-based browser you're using and the version number of the artifact is the same as Selenium's.
]]></system-err>
  </testcase>
  <testcase name="testHealthyAging" classname="com.wipro.CapStoneTestNG.HealthProgramsTest" time="3.091">
    <system-err><![CDATA[Sep 08, 2025 7:35:29 PM org.openqa.selenium.devtools.CdpVersionFinder findNearestMatch
WARNING: Unable to find CDP implementation matching 139
Sep 08, 2025 7:35:29 PM org.openqa.selenium.chromium.ChromiumDriver lambda$new$5
WARNING: Unable to find version of CDP to use for 139.0.7258.155. You may need to include a dependency on a specific version of the CDP using something similar to `org.seleniumhq.selenium:selenium-devtools-v86:4.24.0` where the version ("v86") matches the version of the chromium-based browser you're using and the version number of the artifact is the same as Selenium's.
]]></system-err>
  </testcase>
  <testcase name="testQuitTobacco" classname="com.wipro.CapStoneTestNG.HealthProgramsTest" time="1.684">
    <system-err><![CDATA[Sep 08, 2025 7:35:40 PM org.openqa.selenium.devtools.CdpVersionFinder findNearestMatch
WARNING: Unable to find CDP implementation matching 139
Sep 08, 2025 7:35:40 PM org.openqa.selenium.chromium.ChromiumDriver lambda$new$5
WARNING: Unable to find version of CDP to use for 139.0.7258.155. You may need to include a dependency on a specific version of the CDP using something similar to `org.seleniumhq.selenium:selenium-devtools-v86:4.24.0` where the version ("v86") matches the version of the chromium-based browser you're using and the version number of the artifact is the same as Selenium's.
]]></system-err>
  </testcase>
  <testcase name="openHomePage" classname="com.wipro.CapStoneTestNG.HomePageTest" time="2.284">
    <system-out><![CDATA[✅ Home page loaded successfully
]]></system-out>
    <system-err><![CDATA[Sep 08, 2025 7:35:48 PM org.openqa.selenium.devtools.CdpVersionFinder findNearestMatch
WARNING: Unable to find CDP implementation matching 139
Sep 08, 2025 7:35:48 PM org.openqa.selenium.chromium.ChromiumDriver lambda$new$5
WARNING: Unable to find version of CDP to use for 139.0.7258.155. You may need to include a dependency on a specific version of the CDP using something similar to `org.seleniumhq.selenium:selenium-devtools-v86:4.24.0` where the version ("v86") matches the version of the chromium-based browser you're using and the version number of the artifact is the same as Selenium's.
]]></system-err>
  </testcase>
  <testcase name="clickOnLogo" classname="com.wipro.CapStoneTestNG.HomePageTest" time="1.418">
    <system-out><![CDATA[✅ Logo clicked successfully
]]></system-out>
  </testcase>
  <testcase name="searchKeyword" classname="com.wipro.CapStoneTestNG.HomePageTest" time="2.167">
    <system-out><![CDATA[✅ Search executed successfully
]]></system-out>
  </testcase>
  <testcase name="clickHealthyAgingPrograms" classname="com.wipro.CapStoneTestNG.HomePageTest" time="2.832">
    <system-out><![CDATA[✅ Healthy Aging Programs page opened
]]></system-out>
  </testcase>
  <testcase name="clickAHECScholars" classname="com.wipro.CapStoneTestNG.HomePageTest" time="0.523">
    <system-out><![CDATA[✅ AHEC Scholars page opened
]]></system-out>
  </testcase>
  <testcase name="clickFacebookIcon" classname="com.wipro.CapStoneTestNG.HomePageTest" time="3.179">
    <system-out><![CDATA[⚠️ Facebook link clicked (opens external page, might show 404)
]]></system-out>
  </testcase>
  <testcase name="testSuccessfulRegistration" classname="com.wipro.CapStoneTestNG.RegistrationTest" time="43.609">
    <system-out><![CDATA[✅ Registration success scenario passed with email: user1757340406345@mail.com
login success scenario passed with email: user1757340406345@mail.com
]]></system-out>
    <system-err><![CDATA[Sep 08, 2025 7:36:03 PM org.openqa.selenium.devtools.CdpVersionFinder findNearestMatch
WARNING: Unable to find CDP implementation matching 139
Sep 08, 2025 7:36:03 PM org.openqa.selenium.chromium.ChromiumDriver lambda$new$5
WARNING: Unable to find version of CDP to use for 139.0.7258.155. You may need to include a dependency on a specific version of the CDP using something similar to `org.seleniumhq.selenium:selenium-devtools-v86:4.24.0` where the version ("v86") matches the version of the chromium-based browser you're using and the version number of the artifact is the same as Selenium's.
]]></system-err>
  </testcase>
  <testcase name="testInvalidRegistration" classname="com.wipro.CapStoneTestNG.InvalidRegi" time="8.266">
    <system-out><![CDATA[ Registration success scenario passed with invalid email
]]></system-out>
    <system-err><![CDATA[Sep 08, 2025 7:36:48 PM org.openqa.selenium.devtools.CdpVersionFinder findNearestMatch
WARNING: Unable to find CDP implementation matching 139
Sep 08, 2025 7:36:48 PM org.openqa.selenium.chromium.ChromiumDriver lambda$new$5
WARNING: Unable to find version of CDP to use for 139.0.7258.155. You may need to include a dependency on a specific version of the CDP using something similar to `org.seleniumhq.selenium:selenium-devtools-v86:4.24.0` where the version ("v86") matches the version of the chromium-based browser you're using and the version number of the artifact is the same as Selenium's.
]]></system-err>
  </testcase>
</testsuite>