<?xml version="1.0" encoding="UTF-8"?>
<testng-results ignored="0" total="1" passed="1" failed="0" skipped="0">
  <reporter-output>
  </reporter-output>
  <suite started-at="2025-09-08T19:08:16 IST" name="Default suite" finished-at="2025-09-08T19:08:25 IST" duration-ms="9435">
    <groups>
    </groups>
    <test started-at="2025-09-08T19:08:16 IST" name="Default test" finished-at="2025-09-08T19:08:25 IST" duration-ms="9435">
      <class name="com.wipro.CapStoneTestNG.InvalidRegi">
        <test-method is-config="true" signature="setUp()[pri:0, instance:com.wipro.CapStoneTestNG.InvalidRegi@4be29ed9]" started-at="2025-09-08T19:08:16 IST" name="setUp" finished-at="2025-09-08T19:08:18 IST" duration-ms="2441" status="PASS">
          <reporter-output>
          </reporter-output>
        </test-method> <!-- setUp -->
        <test-method signature="testInvalidRegistration()[pri:1, instance:com.wipro.CapStoneTestNG.InvalidRegi@4be29ed9]" started-at="2025-09-08T19:08:18 IST" name="testInvalidRegistration" finished-at="2025-09-08T19:08:25 IST" duration-ms="6928" status="PASS">
          <reporter-output>
          </reporter-output>
        </test-method> <!-- testInvalidRegistration -->
        <test-method is-config="true" signature="tearDown()[pri:0, instance:com.wipro.CapStoneTestNG.InvalidRegi@4be29ed9]" started-at="2025-09-08T19:08:25 IST" name="tearDown" finished-at="2025-09-08T19:08:25 IST" duration-ms="0" status="PASS">
          <reporter-output>
          </reporter-output>
        </test-method> <!-- tearDown -->
      </class> <!-- com.wipro.CapStoneTestNG.InvalidRegi -->
    </test> <!-- Default test -->
  </suite> <!-- Default suite -->
</testng-results>
